{"/Users/neeraj/lab/node_essentials/part2/chap3/app.js": {"path":"/Users/neeraj/lab/node_essentials/part2/chap3/app.js","statementMap":{"0":{"start":{"line":7,"column":12},"end":{"line":7,"column":21}},"1":{"start":{"line":9,"column":0},"end":{"line":9,"column":26}},"2":{"start":{"line":10,"column":0},"end":{"line":10,"column":16}},"3":{"start":{"line":11,"column":0},"end":{"line":11,"column":41}},"4":{"start":{"line":12,"column":0},"end":{"line":12,"column":30}}},"fnMap":{},"branchMap":{},"s":{"0":1,"1":1,"2":1,"3":1,"4":1},"f":{},"b":{},"_coverageSchema":"1a1c01bbd47fc00a2c39e90264f33305004495a9","hash":"cdfd379c0aac286fa7cd26c682b8a1e6a8b28911"}
,"/Users/neeraj/lab/node_essentials/part2/chap3/lib.js": {"path":"/Users/neeraj/lab/node_essentials/part2/chap3/lib.js","statementMap":{"0":{"start":{"line":6,"column":19},"end":{"line":6,"column":49}},"1":{"start":{"line":7,"column":18},"end":{"line":7,"column":42}},"2":{"start":{"line":9,"column":20},"end":{"line":19,"column":1}},"3":{"start":{"line":10,"column":2},"end":{"line":10,"column":42}},"4":{"start":{"line":11,"column":2},"end":{"line":18,"column":6}},"5":{"start":{"line":15,"column":6},"end":{"line":16,"column":18}},"6":{"start":{"line":16,"column":8},"end":{"line":16,"column":18}},"7":{"start":{"line":17,"column":6},"end":{"line":17,"column":31}},"8":{"start":{"line":22,"column":23},"end":{"line":28,"column":1}},"9":{"start":{"line":23,"column":2},"end":{"line":23,"column":57}},"10":{"start":{"line":24,"column":2},"end":{"line":26,"column":3}},"11":{"start":{"line":25,"column":4},"end":{"line":25,"column":25}},"12":{"start":{"line":27,"column":2},"end":{"line":27,"column":9}}},"fnMap":{"0":{"name":"(anonymous_0)","decl":{"start":{"line":9,"column":20},"end":{"line":9,"column":21}},"loc":{"start":{"line":9,"column":37},"end":{"line":19,"column":1}},"line":9},"1":{"name":"(anonymous_1)","decl":{"start":{"line":14,"column":4},"end":{"line":14,"column":5}},"loc":{"start":{"line":14,"column":13},"end":{"line":18,"column":5}},"line":14},"2":{"name":"(anonymous_2)","decl":{"start":{"line":22,"column":23},"end":{"line":22,"column":24}},"loc":{"start":{"line":22,"column":43},"end":{"line":28,"column":1}},"line":22}},"branchMap":{"0":{"loc":{"start":{"line":15,"column":6},"end":{"line":16,"column":18}},"type":"if","locations":[{"start":{"line":15,"column":6},"end":{"line":16,"column":18}},{"start":{},"end":{}}],"line":15},"1":{"loc":{"start":{"line":24,"column":2},"end":{"line":26,"column":3}},"type":"if","locations":[{"start":{"line":24,"column":2},"end":{"line":26,"column":3}},{"start":{},"end":{}}],"line":24}},"s":{"0":1,"1":1,"2":1,"3":0,"4":0,"5":0,"6":0,"7":0,"8":1,"9":1,"10":1,"11":0,"12":1},"f":{"0":0,"1":0,"2":1},"b":{"0":[0,0],"1":[0,1]},"_coverageSchema":"1a1c01bbd47fc00a2c39e90264f33305004495a9","hash":"03558e117e3bb2bd4d5d9c0d00af1ca79e6039be"}
,"/Users/neeraj/lab/node_essentials/part2/chap3/routes.js": {"path":"/Users/neeraj/lab/node_essentials/part2/chap3/routes.js","statementMap":{"0":{"start":{"line":5,"column":15},"end":{"line":5,"column":27}},"1":{"start":{"line":8,"column":18},"end":{"line":8,"column":26}},"2":{"start":{"line":10,"column":0},"end":{"line":12,"column":2}},"3":{"start":{"line":11,"column":2},"end":{"line":11,"column":28}},"4":{"start":{"line":14,"column":0},"end":{"line":24,"column":2}},"5":{"start":{"line":15,"column":2},"end":{"line":15,"column":39}},"6":{"start":{"line":16,"column":2},"end":{"line":16,"column":29}},"7":{"start":{"line":17,"column":2},"end":{"line":17,"column":41}},"8":{"start":{"line":19,"column":2},"end":{"line":19,"column":19}},"9":{"start":{"line":20,"column":2},"end":{"line":23,"column":4}},"10":{"start":{"line":26,"column":0},"end":{"line":36,"column":2}},"11":{"start":{"line":27,"column":17},"end":{"line":27,"column":74}},"12":{"start":{"line":27,"column":50},"end":{"line":27,"column":73}},"13":{"start":{"line":28,"column":2},"end":{"line":28,"column":22}},"14":{"start":{"line":29,"column":2},"end":{"line":29,"column":23}},"15":{"start":{"line":30,"column":2},"end":{"line":30,"column":8}},"16":{"start":{"line":31,"column":2},"end":{"line":35,"column":4}}},"fnMap":{"0":{"name":"(anonymous_0)","decl":{"start":{"line":10,"column":16},"end":{"line":10,"column":17}},"loc":{"start":{"line":10,"column":30},"end":{"line":12,"column":1}},"line":10},"1":{"name":"(anonymous_1)","decl":{"start":{"line":14,"column":36},"end":{"line":14,"column":37}},"loc":{"start":{"line":14,"column":50},"end":{"line":24,"column":1}},"line":14},"2":{"name":"(anonymous_2)","decl":{"start":{"line":26,"column":43},"end":{"line":26,"column":44}},"loc":{"start":{"line":26,"column":57},"end":{"line":36,"column":1}},"line":26},"3":{"name":"(anonymous_3)","decl":{"start":{"line":27,"column":36},"end":{"line":27,"column":37}},"loc":{"start":{"line":27,"column":50},"end":{"line":27,"column":73}},"line":27}},"branchMap":{},"s":{"0":1,"1":1,"2":1,"3":1,"4":1,"5":0,"6":0,"7":0,"8":0,"9":0,"10":1,"11":0,"12":0,"13":0,"14":0,"15":0,"16":0},"f":{"0":1,"1":0,"2":0,"3":0},"b":{},"_coverageSchema":"1a1c01bbd47fc00a2c39e90264f33305004495a9","hash":"aafa39d05dc04c5018af3f48e28a7ce0561b86eb"}
}
